<?xml version="1.0" encoding="UTF-8"?>
<testng-results ignored="0" total="2" passed="2" failed="0" skipped="0">
  <reporter-output>
  </reporter-output>
  <suite started-at="2024-06-13T10:46:01Z" name="com.aqm.validations.TestCalculator.NewTest" finished-at="2024-06-13T10:46:01Z" duration-ms="16">
    <groups>
    </groups>
    <test started-at="2024-06-13T10:46:01Z" name="Command line test" finished-at="2024-06-13T10:46:01Z" duration-ms="16">
      <class name="com.aqm.validations.TestCalculator.NewTest">
        <test-method signature="subTest()[pri:0, instance:com.aqm.validations.TestCalculator.NewTest@1563da5]" started-at="2024-06-13T10:46:01Z" name="subTest" finished-at="2024-06-13T10:46:01Z" duration-ms="0" status="PASS">
          <reporter-output>
          </reporter-output>
        </test-method> <!-- subTest -->
        <test-method signature="addTest()[pri:0, instance:com.aqm.validations.TestCalculator.NewTest@1563da5]" started-at="2024-06-13T10:46:01Z" name="addTest" finished-at="2024-06-13T10:46:01Z" duration-ms="0" status="PASS">
          <reporter-output>
          </reporter-output>
        </test-method> <!-- addTest -->
      </class> <!-- com.aqm.validations.TestCalculator.NewTest -->
    </test> <!-- Command line test -->
  </suite> <!-- com.aqm.validations.TestCalculator.NewTest -->
</testng-results>
